0 info it worked if it ends with ok
1 verbose cli [ '/usr/bin/node', '/usr/bin/npm', 'start' ]
2 info using npm@2.15.11
3 info using node@v0.12.18
4 verbose node symlink /usr/bin/node
5 verbose run-script [ 'prestart', 'start', 'poststart' ]
6 info prestart FaceChecker_Server@
7 info start FaceChecker_Server@
8 verbose unsafe-perm in lifecycle true
9 info FaceChecker_Server@ Failed to exec start script
10 verbose stack Error: FaceChecker_Server@ start: `script/start`
10 verbose stack Exit status 1
10 verbose stack     at EventEmitter.<anonymous> (/usr/lib/node_modules/npm/lib/utils/lifecycle.js:217:16)
10 verbose stack     at EventEmitter.emit (events.js:110:17)
10 verbose stack     at ChildProcess.<anonymous> (/usr/lib/node_modules/npm/lib/utils/spawn.js:24:14)
10 verbose stack     at ChildProcess.emit (events.js:110:17)
10 verbose stack     at maybeClose (child_process.js:1019:16)
10 verbose stack     at Process.ChildProcess._handle.onexit (child_process.js:1091:5)
11 verbose pkgid FaceChecker_Server@
12 verbose cwd /home/osboxes/faceChecker/facechecker_server
13 error Linux 4.2.0-27-generic
14 error argv "/usr/bin/node" "/usr/bin/npm" "start"
15 error node v0.12.18
16 error npm  v2.15.11
17 error code ELIFECYCLE
18 error FaceChecker_Server@ start: `script/start`
18 error Exit status 1
19 error Failed at the FaceChecker_Server@ start script 'script/start'.
19 error This is most likely a problem with the FaceChecker_Server package,
19 error not with npm itself.
19 error Tell the author that this fails on your system:
19 error     script/start
19 error You can get information on how to open an issue for this project with:
19 error     npm bugs FaceChecker_Server
19 error Or if that isn't available, you can get their info via:
19 error
19 error     npm owner ls FaceChecker_Server
19 error There is likely additional logging output above.
20 verbose exit [ 1, true ]
